{"total": {"lines":{"total":132,"covered":126,"skipped":0,"pct":95.45},"statements":{"total":132,"covered":126,"skipped":0,"pct":95.45},"functions":{"total":4,"covered":3,"skipped":0,"pct":75},"branches":{"total":16,"covered":16,"skipped":0,"pct":100},"branchesTrue":{"total":0,"covered":0,"skipped":0,"pct":100}}
,"/Users/don/Work/Autara/Repos/autara-ui/src/components/Button.tsx": {"lines":{"total":89,"covered":89,"skipped":0,"pct":100},"functions":{"total":2,"covered":2,"skipped":0,"pct":100},"statements":{"total":89,"covered":89,"skipped":0,"pct":100},"branches":{"total":15,"covered":15,"skipped":0,"pct":100}}
,"/Users/don/Work/Autara/Repos/autara-ui/src/components/PhoneCountries.ts": {"lines":{"total":38,"covered":32,"skipped":0,"pct":84.21},"functions":{"total":1,"covered":0,"skipped":0,"pct":0},"statements":{"total":38,"covered":32,"skipped":0,"pct":84.21},"branches":{"total":0,"covered":0,"skipped":0,"pct":100}}
,"/Users/don/Work/Autara/Repos/autara-ui/src/lib/cn.ts": {"lines":{"total":5,"covered":5,"skipped":0,"pct":100},"functions":{"total":1,"covered":1,"skipped":0,"pct":100},"statements":{"total":5,"covered":5,"skipped":0,"pct":100},"branches":{"total":1,"covered":1,"skipped":0,"pct":100}}
}
