TN:
SF:src/components/Button.tsx
FN:111,Button2
FN:160,buttonVariants
FNF:2
FNH:2
FNDA:32,Button2
FNDA:4,buttonVariants
DA:1,1
DA:2,1
DA:3,1
DA:47,1
DA:48,1
DA:50,1
DA:51,1
DA:52,1
DA:53,1
DA:54,1
DA:55,1
DA:57,1
DA:58,1
DA:59,1
DA:60,1
DA:61,1
DA:62,1
DA:63,1
DA:64,1
DA:65,1
DA:66,1
DA:67,1
DA:68,1
DA:69,1
DA:70,1
DA:71,1
DA:75,1
DA:76,1
DA:79,1
DA:80,1
DA:81,1
DA:82,1
DA:83,1
DA:84,1
DA:85,1
DA:86,1
DA:87,1
DA:88,1
DA:89,1
DA:90,1
DA:91,1
DA:92,1
DA:93,1
DA:110,1
DA:111,1
DA:112,32
DA:113,32
DA:114,32
DA:115,32
DA:116,32
DA:117,32
DA:118,32
DA:119,32
DA:120,32
DA:121,32
DA:122,32
DA:123,32
DA:124,32
DA:125,32
DA:126,32
DA:127,32
DA:128,32
DA:129,32
DA:130,32
DA:131,32
DA:132,32
DA:133,32
DA:134,32
DA:135,32
DA:136,32
DA:137,32
DA:138,32
DA:140,32
DA:141,2
DA:143,30
DA:144,30
DA:145,30
DA:146,30
DA:147,30
DA:149,32
DA:151,32
DA:152,1
DA:154,1
DA:160,1
DA:164,4
DA:165,4
DA:166,4
DA:167,4
DA:168,4
LF:89
LH:89
BRDA:111,0,0,32
BRDA:126,1,0,2
BRDA:126,2,0,30
BRDA:127,3,0,1
BRDA:127,4,0,31
BRDA:135,5,0,1
BRDA:138,6,0,2
BRDA:138,7,0,30
BRDA:138,8,0,29
BRDA:140,9,0,2
BRDA:141,10,0,30
BRDA:160,11,0,4
BRDA:165,12,0,1
BRDA:166,13,0,1
BRDA:166,14,0,3
BRF:15
BRH:15
end_of_record
TN:
SF:src/components/PhoneCountries.ts
FN:71,findCountryByIso
FNF:1
FNH:0
FNDA:0,findCountryByIso
DA:29,1
DA:31,1
DA:32,1
DA:33,1
DA:34,1
DA:35,1
DA:36,1
DA:39,1
DA:40,1
DA:41,1
DA:42,1
DA:43,1
DA:44,1
DA:47,1
DA:48,1
DA:49,1
DA:50,1
DA:51,1
DA:52,1
DA:53,1
DA:54,1
DA:55,1
DA:56,1
DA:57,1
DA:60,1
DA:61,1
DA:62,1
DA:65,1
DA:66,1
DA:67,1
DA:68,1
DA:71,1
DA:72,0
DA:73,0
DA:74,0
DA:75,0
DA:76,0
DA:77,0
LF:38
LH:32
BRF:0
BRH:0
end_of_record
TN:
SF:src/lib/cn.ts
FN:4,cn
FNF:1
FNH:1
FNDA:46,cn
DA:1,1
DA:2,1
DA:4,1
DA:5,46
DA:6,46
LF:5
LH:5
BRDA:4,0,0,46
BRF:1
BRH:1
end_of_record
